timestamp: 2015-04-08T19:43:09.111856
CREATE TABLE auth_user(
    id INTEGER PRIMARY KEY AUTOINCREMENT,
    first_name CHAR(128),
    last_name CHAR(128),
    email CHAR(512),
    password CHAR(512),
    registration_key CHAR(512),
    reset_password_key CHAR(512),
    registration_id CHAR(512)
);
success!
timestamp: 2015-04-08T19:43:09.397557
CREATE TABLE auth_group(
    id INTEGER PRIMARY KEY AUTOINCREMENT,
    role CHAR(512),
    description TEXT
);
success!
timestamp: 2015-04-08T19:43:09.577922
CREATE TABLE auth_membership(
    id INTEGER PRIMARY KEY AUTOINCREMENT,
    user_id INTEGER REFERENCES auth_user (id) ON DELETE CASCADE,
    group_id INTEGER REFERENCES auth_group (id) ON DELETE CASCADE
);
success!
timestamp: 2015-04-08T19:43:09.723316
CREATE TABLE auth_permission(
    id INTEGER PRIMARY KEY AUTOINCREMENT,
    group_id INTEGER REFERENCES auth_group (id) ON DELETE CASCADE,
    name CHAR(512),
    table_name CHAR(512),
    record_id INTEGER
);
success!
timestamp: 2015-04-08T19:43:09.858057
CREATE TABLE auth_event(
    id INTEGER PRIMARY KEY AUTOINCREMENT,
    time_stamp TIMESTAMP,
    client_ip CHAR(512),
    user_id INTEGER REFERENCES auth_user (id) ON DELETE CASCADE,
    origin CHAR(512),
    description TEXT
);
success!
timestamp: 2015-04-08T19:43:09.990335
CREATE TABLE auth_cas(
    id INTEGER PRIMARY KEY AUTOINCREMENT,
    user_id INTEGER REFERENCES auth_user (id) ON DELETE CASCADE,
    created_on TIMESTAMP,
    service CHAR(512),
    ticket CHAR(512),
    renew CHAR(1)
);
success!
timestamp: 2015-04-09T12:29:44.510438
CREATE TABLE friend(
    id INTEGER PRIMARY KEY AUTOINCREMENT,
    friend_id1 INTEGER
);
success!
timestamp: 2015-04-09T12:50:45.525084
ALTER TABLE friend ADD friend_id2 INTEGER;
success!
timestamp: 2015-04-09T13:46:35.078797
CREATE TABLE freq(
    id INTEGER PRIMARY KEY AUTOINCREMENT,
    friend_id1 INTEGER,
    friend_id2 INTEGER
);
success!
success!
success!
success!
timestamp: 2015-04-09T21:30:57.122604
CREATE TABLE post(
    id INTEGER PRIMARY KEY AUTOINCREMENT,
    image CHAR(512)
);
success!
timestamp: 2015-04-09T21:31:31.524471
ALTER TABLE post ADD person_id INTEGER REFERENCES auth_user (id) ON DELETE CASCADE;
success!
timestamp: 2015-04-09T21:43:21.703114
ALTER TABLE post ADD description CHAR(512);
success!
timestamp: 2015-04-10T18:52:16.513655
CREATE TABLE postlikes(
    id INTEGER PRIMARY KEY AUTOINCREMENT,
    post_id INTEGER REFERENCES post (id) ON DELETE CASCADE,
    person_id INTEGER REFERENCES auth_user (id) ON DELETE CASCADE
);
success!
timestamp: 2015-04-10T18:52:49.875366
CREATE TABLE postcomment(
    id INTEGER PRIMARY KEY AUTOINCREMENT,
    post_id INTEGER REFERENCES post (id) ON DELETE CASCADE,
    person_id INTEGER REFERENCES auth_user (id) ON DELETE CASCADE,
    comments CHAR(512)
);
success!
